0 info it worked if it ends with ok
1 verbose cli [ 'c:\\tools\\nodejs\\node.exe',
1 verbose cli   'c:\\tools\\nodejs\\node_modules\\npm\\bin\\npm-cli.js',
1 verbose cli   'install',
1 verbose cli   'http-server' ]
2 info using npm@2.10.1
3 info using node@v0.12.4
4 verbose install initial load of d:\prova-esc-ti-bim1\package.json
5 verbose readDependencies loading dependencies from d:\prova-esc-ti-bim1\package.json
6 silly cache add args [ 'http-server', null ]
7 verbose cache add spec http-server
8 silly cache add parsed spec { raw: 'http-server',
8 silly cache add   scope: null,
8 silly cache add   name: 'http-server',
8 silly cache add   rawSpec: '',
8 silly cache add   spec: '*',
8 silly cache add   type: 'range' }
9 silly addNamed http-server@*
10 verbose addNamed "*" is a valid semver range for http-server
11 silly addNameRange { name: 'http-server', range: '*', hasData: false }
12 silly mapToRegistry name http-server
13 silly mapToRegistry using default registry
14 silly mapToRegistry registry https://registry.npmjs.org/
15 silly mapToRegistry uri https://registry.npmjs.org/http-server
16 verbose addNameRange registry:https://registry.npmjs.org/http-server not in flight; fetching
17 verbose request uri https://registry.npmjs.org/http-server
18 verbose request no auth needed
19 info attempt registry request try #1 at 11:56:36
20 verbose request id 4b7612e33b9b669f
21 http request GET https://registry.npmjs.org/http-server
22 info retry will retry, error on last attempt: Error: self signed certificate in certificate chain
23 info attempt registry request try #2 at 11:56:47
24 http request GET https://registry.npmjs.org/http-server
25 info retry will retry, error on last attempt: Error: self signed certificate in certificate chain
26 info attempt registry request try #3 at 11:57:47
27 http request GET https://registry.npmjs.org/http-server
28 verbose stack Error: self signed certificate in certificate chain
28 verbose stack     at Error (native)
28 verbose stack     at TLSSocket.<anonymous> (_tls_wrap.js:929:36)
28 verbose stack     at TLSSocket.emit (events.js:104:17)
28 verbose stack     at TLSSocket._finishInit (_tls_wrap.js:460:8)
29 verbose cwd d:\prova-esc-ti-bim1
30 error Windows_NT 6.1.7601
31 error argv "c:\\tools\\nodejs\\node.exe" "c:\\tools\\nodejs\\node_modules\\npm\\bin\\npm-cli.js" "install" "http-server"
32 error node v0.12.4
33 error npm  v2.10.1
34 error code SELF_SIGNED_CERT_IN_CHAIN
35 error self signed certificate in certificate chain
36 error If you need help, you may report this error at:
36 error     <https://github.com/npm/npm/issues>
37 verbose exit [ 1, true ]
